<?xml version="1.0" encoding="UTF-8"?>
<testsuite xmlns:xsi="http://www.w3.org/2001/XMLSchema-instance" xsi:noNamespaceSchemaLocation="https://maven.apache.org/surefire/maven-surefire-plugin/xsd/surefire-test-report.xsd" name="io.github.H20man13.DeClan.MyParserTest" time="0.01" tests="6" errors="0" skipped="0" failures="0">
  <properties>
[...]
</properties>
  <testcase name="testDecls" classname="io.github.H20man13.DeClan.MyParserTest" time="0"/>
  <testcase name="testExpressions" classname="io.github.H20man13.DeClan.MyParserTest" time="0"/>
  <testcase name="testEmptySource" classname="io.github.H20man13.DeClan.MyParserTest" time="0"/>
  <testcase name="testEmptyStatements" classname="io.github.H20man13.DeClan.MyParserTest" time="0.008"/>
  <testcase name="testConstValues" classname="io.github.H20man13.DeClan.MyParserTest" time="0"/>
  <testcase name="testNumValues" classname="io.github.H20man13.DeClan.MyParserTest" time="0"/>
</testsuite>